<?xml version="1.0" encoding="UTF-8"?>
<coverage generated="1669046435411" clover="3.2.0">
  <project timestamp="1669046435411" name="All files">
    <metrics statements="16" coveredstatements="0" conditionals="6" coveredconditionals="0" methods="4" coveredmethods="0" elements="26" coveredelements="0" complexity="0" loc="16" ncloc="16" packages="1" files="1" classes="1"/>
    <file name="gamesApi.js" path="C:\Users\ro-geostat-01\Documents\geo\assignment-main\l8_offline-l11_offline\server\gamesApi.js">
      <metrics statements="16" coveredstatements="0" conditionals="6" coveredconditionals="0" methods="4" coveredmethods="0"/>
      <line num="4" count="0" type="stmt"/>
      <line num="6" count="0" type="stmt"/>
      <line num="9" count="0" type="stmt"/>
      <line num="10" count="0" type="stmt"/>
      <line num="13" count="0" type="cond" truecount="0" falsecount="6"/>
      <line num="17" count="0" type="stmt"/>
      <line num="22" count="0" type="stmt"/>
      <line num="30" count="0" type="stmt"/>
      <line num="32" count="0" type="stmt"/>
      <line num="35" count="0" type="stmt"/>
      <line num="39" count="0" type="stmt"/>
      <line num="42" count="0" type="stmt"/>
      <line num="43" count="0" type="stmt"/>
      <line num="45" count="0" type="stmt"/>
      <line num="47" count="0" type="stmt"/>
      <line num="50" count="0" type="stmt"/>
    </file>
  </project>
</coverage>
