{"C:\\Users\\ro-geostat-01\\Documents\\geo\\assignment-main\\l8_offline-l11_offline\\server\\gamesApi.js": {"path":"C:\\Users\\ro-geostat-01\\Documents\\geo\\assignment-main\\l8_offline-l11_offline\\server\\gamesApi.js","statementMap":{"0":{"start":{"line":4,"column":16},"end":{"line":4,"column":32}},"1":{"start":{"line":6,"column":4},"end":{"line":40,"column":7}},"2":{"start":{"line":9,"column":32},"end":{"line":9,"column":41}},"3":{"start":{"line":10,"column":21},"end":{"line":10,"column":23}},"4":{"start":{"line":13,"column":8},"end":{"line":28,"column":9}},"5":{"start":{"line":17,"column":12},"end":{"line":17,"column":49}},"6":{"start":{"line":22,"column":12},"end":{"line":27,"column":13}},"7":{"start":{"line":30,"column":8},"end":{"line":30,"column":28}},"8":{"start":{"line":32,"column":23},"end":{"line":37,"column":22}},"9":{"start":{"line":35,"column":45},"end":{"line":35,"column":66}},"10":{"start":{"line":39,"column":8},"end":{"line":39,"column":25}},"11":{"start":{"line":42,"column":4},"end":{"line":48,"column":7}},"12":{"start":{"line":43,"column":38},"end":{"line":43,"column":46}},"13":{"start":{"line":45,"column":8},"end":{"line":45,"column":65}},"14":{"start":{"line":47,"column":8},"end":{"line":47,"column":28}},"15":{"start":{"line":50,"column":4},"end":{"line":50,"column":15}}},"fnMap":{"0":{"name":"GamesApi","decl":{"start":{"line":3,"column":16},"end":{"line":3,"column":25}},"loc":{"start":{"line":3,"column":29},"end":{"line":51,"column":1}},"line":3},"1":{"name":"(anonymous_1)","decl":{"start":{"line":6,"column":17},"end":{"line":6,"column":18}},"loc":{"start":{"line":6,"column":37},"end":{"line":40,"column":5}},"line":6},"2":{"name":"(anonymous_2)","decl":{"start":{"line":35,"column":17},"end":{"line":35,"column":18}},"loc":{"start":{"line":35,"column":45},"end":{"line":35,"column":66}},"line":35},"3":{"name":"(anonymous_3)","decl":{"start":{"line":42,"column":18},"end":{"line":42,"column":19}},"loc":{"start":{"line":42,"column":32},"end":{"line":48,"column":5}},"line":42}},"branchMap":{"0":{"loc":{"start":{"line":13,"column":8},"end":{"line":28,"column":9}},"type":"if","locations":[{"start":{"line":13,"column":8},"end":{"line":28,"column":9}},{"start":{},"end":{}}],"line":13},"1":{"loc":{"start":{"line":13,"column":11},"end":{"line":16,"column":26}},"type":"binary-expr","locations":[{"start":{"line":13,"column":11},"end":{"line":13,"column":36}},{"start":{"line":14,"column":15},"end":{"line":14,"column":31}},{"start":{"line":15,"column":15},"end":{"line":15,"column":31}},{"start":{"line":16,"column":15},"end":{"line":16,"column":26}}],"line":13}},"s":{"0":0,"1":0,"2":0,"3":0,"4":0,"5":0,"6":0,"7":0,"8":0,"9":0,"10":0,"11":0,"12":0,"13":0,"14":0,"15":0},"f":{"0":0,"1":0,"2":0,"3":0},"b":{"0":[0,0],"1":[0,0,0,0]},"_coverageSchema":"1a1c01bbd47fc00a2c39e90264f33305004495a9","hash":"b182a1ffbe843791095f8fd158ceede685a966e3"}
}
